Arguments: 
  /Users/saarangtiwari/.nvm/versions/node/v10.16.3/bin/node /usr/local/Cellar/yarn/1.17.3/libexec/bin/yarn.js add express mongoose jsonwebtoken validator body-parser bcryptjs

PATH: 
  /Users/saarangtiwari/.nvm/versions/node/v10.16.3/bin:/Users/saarangtiwari/.rbenv/shims:/usr/local/opt/node@10/bin:/Users/saarangtiwari/.rvm/gems/ruby-2.5.0/bin:/Users/saarangtiwari/.rvm/gems/ruby-2.5.0@global/bin:/Users/saarangtiwari/.rvm/rubies/ruby-2.5.0/bin:/usr/local/bin:/usr/bin:/bin:/usr/sbin:/sbin:/Library/Java/JavaVirtualMachines/jdk1.8.0_211.jdk/Contents/Home:/Users/saarangtiwari/Library/Android/sdk:/Users/saarangtiwari/sdk/flutter/bin:~/Library/Android/sdk/platform-tools:/Users/saarangtiwari/.rvm/bin

Yarn version: 
  1.17.3

Node version: 
  10.16.3

Platform: 
  darwin x64

Trace: 
  Error: getaddrinfo ENOTFOUND registry.yarnpkg.com registry.yarnpkg.com:443
      at GetAddrInfoReqWrap.onlookup [as oncomplete] (dns.js:56:26)

npm manifest: 
  {
    "name": "punch-in",
    "version": "1.0.0",
    "description": "",
    "main": "index.js",
    "scripts": {
      "test": "echo \"Error: no test specified\" && exit 1"
    },
    "author": "",
    "license": "ISC"
  }

yarn manifest: 
  No manifest

Lockfile: 
  No lockfile
